Sun Oct  3 12:31:51 UTC 2010: Restarting FastCGI process ...
spawn-fcgi: child spawned successfully: PID: 13742
Sun Oct  3 12:31:55 UTC 2010: Restarting FastCGI process ...
spawn-fcgi: child spawned successfully: PID: 13895
Sun Oct  3 12:32:00 UTC 2010: Restarting FastCGI process ...
spawn-fcgi: child spawned successfully: PID: 14101
Sun Oct  3 12:32:05 UTC 2010: Restarting FastCGI process ...
spawn-fcgi: child spawned successfully: PID: 14260
Sun Oct  3 12:32:10 UTC 2010: Restarting FastCGI process ...
spawn-fcgi: child spawned successfully: PID: 15661
Sun Oct  3 12:32:15 UTC 2010: Restarting FastCGI process ...
spawn-fcgi: child spawned successfully: PID: 15798
Sun Oct  3 12:32:20 UTC 2010: Restarting FastCGI process ...
spawn-fcgi: child spawned successfully: PID: 16129
Sun Oct  3 12:32:24 UTC 2010: Restarting FastCGI process ...
spawn-fcgi: child spawned successfully: PID: 16298
Sun Oct  3 12:32:29 UTC 2010: Restarting FastCGI process ...
spawn-fcgi: child spawned successfully: PID: 17470
Sun Oct  3 12:32:34 UTC 2010: Restarting FastCGI process ...
spawn-fcgi: child spawned successfully: PID: 17889
Sun Oct  3 12:32:39 UTC 2010: Restarting FastCGI process ...
spawn-fcgi: child spawned successfully: PID: 18032
Sun Oct  3 12:32:44 UTC 2010: Restarting FastCGI process ...
spawn-fcgi: child spawned successfully: PID: 18181
Sun Oct  3 12:32:53 UTC 2010: Restarting FastCGI process ...
spawn-fcgi: child spawned successfully: PID: 19646
Sun Oct  3 15:44:49 UTC 2010: Restarting FastCGI process ...
spawn-fcgi: child spawned successfully: PID: 7422
Sun Oct  3 16:00:31 UTC 2010: Restarting FastCGI process ...
spawn-fcgi: child spawned successfully: PID: 24375
Sun Oct  3 17:00:18 UTC 2010: Restarting FastCGI process ...
spawn-fcgi: child spawned successfully: PID: 31785
Sun Oct  3 19:00:25 UTC 2010: Restarting FastCGI process ...
spawn-fcgi: child spawned successfully: PID: 24207
Sun Oct  3 20:01:02 UTC 2010: Restarting FastCGI process ...
spawn-fcgi: child spawned successfully: PID: 7801
Sun Oct  3 22:00:25 UTC 2010: Restarting FastCGI process ...
spawn-fcgi: child spawned successfully: PID: 30650
Mon Oct  4 06:15:18 UTC 2010: Restarting FastCGI process ...
spawn-fcgi: child spawned successfully: PID: 15605
Mon Oct  4 08:15:19 UTC 2010: Restarting FastCGI process ...
spawn-fcgi: child spawned successfully: PID: 22378
Mon Oct  4 09:00:35 UTC 2010: Restarting FastCGI process ...
spawn-fcgi: child spawned successfully: PID: 15713
Mon Oct  4 09:16:29 UTC 2010: Restarting FastCGI process ...
spawn-fcgi: child spawned successfully: PID: 20319
Mon Oct  4 10:00:11 UTC 2010: Restarting FastCGI process ...
spawn-fcgi: child spawned successfully: PID: 10236
Mon Oct  4 10:01:37 UTC 2010: Restarting FastCGI process ...
spawn-fcgi: child spawned successfully: PID: 14273
Mon Oct  4 10:05:19 UTC 2010: Restarting FastCGI process ...
spawn-fcgi: child spawned successfully: PID: 7566
Mon Oct  4 12:14:08 UTC 2010: Restarting FastCGI process ...
spawn-fcgi: child spawned successfully: PID: 3474
Mon Oct  4 21:06:07 UTC 2010: Restarting FastCGI process ...
spawn-fcgi: child spawned successfully: PID: 15806
Tue Oct  5 09:12:18 UTC 2010: Restarting FastCGI process ...
spawn-fcgi: child spawned successfully: PID: 1485
Tue Oct  5 09:15:15 UTC 2010: Restarting FastCGI process ...
spawn-fcgi: child spawned successfully: PID: 27748
Tue Oct  5 12:30:09 UTC 2010: Restarting FastCGI process ...
spawn-fcgi: child spawned successfully: PID: 28255
Tue Oct  5 13:00:20 UTC 2010: Restarting FastCGI process ...
spawn-fcgi: child spawned successfully: PID: 3073
Tue Oct  5 17:00:48 UTC 2010: Restarting FastCGI process ...
spawn-fcgi: child spawned successfully: PID: 19466
Wed Oct  6 05:00:36 UTC 2010: Restarting FastCGI process ...
spawn-fcgi: child spawned successfully: PID: 17577
Wed Oct  6 07:10:09 UTC 2010: Restarting FastCGI process ...
spawn-fcgi: child spawned successfully: PID: 20159
Wed Oct  6 09:11:53 UTC 2010: Restarting FastCGI process ...
spawn-fcgi: child spawned successfully: PID: 5283
Wed Oct  6 09:15:30 UTC 2010: Restarting FastCGI process ...
spawn-fcgi: child spawned successfully: PID: 21804
Wed Oct  6 13:35:25 UTC 2010: Restarting FastCGI process ...
spawn-fcgi: child spawned successfully: PID: 19921
Wed Oct  6 15:15:13 UTC 2010: Restarting FastCGI process ...
spawn-fcgi: child spawned successfully: PID: 26055
Wed Oct  6 16:00:42 UTC 2010: Restarting FastCGI process ...
spawn-fcgi: child spawned successfully: PID: 10070
Wed Oct  6 19:42:11 UTC 2010: Restarting FastCGI process ...
spawn-fcgi: child spawned successfully: PID: 30693
Thu Oct  7 08:20:15 UTC 2010: Restarting FastCGI process ...
spawn-fcgi: child spawned successfully: PID: 11768
Thu Oct  7 09:00:20 UTC 2010: Restarting FastCGI process ...
spawn-fcgi: child spawned successfully: PID: 7810
Thu Oct  7 09:10:10 UTC 2010: Restarting FastCGI process ...
spawn-fcgi: child spawned successfully: PID: 18231
Thu Oct  7 15:00:49 UTC 2010: Restarting FastCGI process ...
spawn-fcgi: child spawned successfully: PID: 3417
Fri Oct  8 08:20:26 UTC 2010: Restarting FastCGI process ...
spawn-fcgi: child spawned successfully: PID: 13653
Fri Oct  8 13:00:33 UTC 2010: Restarting FastCGI process ...
spawn-fcgi: child spawned successfully: PID: 32501
